IQ-TREE multicore version 2.4.0 for Windows 64-bit built Feb  7 2025
Developed by Bui Quang Minh, Nguyen Lam Tung, Olga Chernomor, Heiko Schmidt,
Dominik Schrempf, Michael Woodhams, Ly Trong Nhan, Thomas Wong

Host:    MSI (AVX2, FMA3, 15 GB RAM)
Command: iqtree2 -s _Influenza_B_virus_RNA_1.fasta -te _Influenza_B_virus_RNA_1.newick -m JC -redo
Seed:    918589 (Using SPRNG - Scalable Parallel Random Number Generator)
Time:    Tue Mar 03 17:44:34 2026
Kernel:  AVX+FMA - 1 threads (20 CPU cores detected)

HINT: Use -nt option to specify number of threads because your CPU has 20 cores!
HINT: -nt AUTO will automatically determine the best number of threads to use.

Reading alignment file _Influenza_B_virus_RNA_1.fasta ... Fasta format detected
Reading fasta file: done in 0.0001884 secs
Alignment most likely contains DNA/RNA sequences
Alignment has 4 sequences with 2368 columns, 253 distinct patterns
483 parsimony-informative, 1588 singleton sites, 297 constant sites
                              Gap/Ambiguity  Composition  p-value
Analyzing sequences: done in 3.77001e-005 secs
   1  _Influenza_B_virus_RNA_1-A-A    0.00%    passed     32.60%
   2  _Influenza_B_virus_RNA_1-A-B    0.00%    passed     64.12%
   3  _Influenza_B_virus_RNA_1-B-A    0.00%    passed     46.46%
   4  _Influenza_B_virus_RNA_1-B-B    0.00%    passed     67.47%
****  TOTAL                           0.00%  0 sequences failed composition chi2 test (p-value<5%; df=3)
Reading input tree file _Influenza_B_virus_RNA_1.newick ... rooted tree

NOTE: 0 MB RAM (0 GB) is required!
Estimate model parameters (epsilon = 0.010)
1. Initial log-likelihood: -12637.017
Optimal log-likelihood: -12239.597
Rate parameters:  A-C: 1.00000  A-G: 1.00000  A-T: 1.00000  C-G: 1.00000  C-T: 1.00000  G-T: 1.00000
Base frequencies:  A: 0.250  C: 0.250  G: 0.250  T: 0.250
Parameters optimization took 1 rounds (0.020 sec)
Wrote distance file to... 
BEST SCORE FOUND : -12239.597
Total tree length: 2.485

Total number of iterations: 0
CPU time used for tree search: 0.000 sec (0h:0m:0s)
Wall-clock time used for tree search: 0.000 sec (0h:0m:0s)
Total CPU time used: 0.000 sec (0h:0m:0s)
Total wall-clock time used: 0.068 sec (0h:0m:0s)

Analysis results written to: 
  IQ-TREE report:                _Influenza_B_virus_RNA_1.fasta.iqtree
  Maximum-likelihood tree:       _Influenza_B_virus_RNA_1.fasta.treefile
  Screen log file:               _Influenza_B_virus_RNA_1.fasta.log

Date and Time: Tue Mar 03 17:44:35 2026
