IQ-TREE multicore version 2.4.0 for Windows 64-bit built Feb  7 2025
Developed by Bui Quang Minh, Nguyen Lam Tung, Olga Chernomor, Heiko Schmidt,
Dominik Schrempf, Michael Woodhams, Ly Trong Nhan, Thomas Wong

Host:    MSI (AVX2, FMA3, 15 GB RAM)
Command: iqtree2 -s Severe_acute_respiratory_syndrome_coronavirus_2_isolate_Wuhan-Hu-1.fasta -te Severe_acute_respiratory_syndrome_coronavirus_2_isolate_Wuhan-Hu-1.newick -m JC
Seed:    198478 (Using SPRNG - Scalable Parallel Random Number Generator)
Time:    Tue Mar 03 17:47:09 2026
Kernel:  AVX+FMA - 1 threads (20 CPU cores detected)

HINT: Use -nt option to specify number of threads because your CPU has 20 cores!
HINT: -nt AUTO will automatically determine the best number of threads to use.

Reading alignment file Severe_acute_respiratory_syndrome_coronavirus_2_isolate_Wuhan-Hu-1.fasta ... Fasta format detected
Reading fasta file: done in 0.0372186 secs using 41.98% CPU
Alignment most likely contains DNA/RNA sequences
Alignment has 128 sequences with 29903 columns, 29903 distinct patterns
29903 parsimony-informative, 0 singleton sites, 0 constant sites
                                                                                  Gap/Ambiguity  Composition  p-value
Analyzing sequences: done in 0.0249884 secs using 62.53% CPU
   1  Severe_acute_respiratory_syndrome_coronavirus_2_isolate_Wuhan-Hu-1-A-A-A-A-A-A-A    0.00%    passed     88.58%
   2  Severe_acute_respiratory_syndrome_coronavirus_2_isolate_Wuhan-Hu-1-A-A-A-A-A-A-B    0.00%    passed     73.43%
   3  Severe_acute_respiratory_syndrome_coronavirus_2_isolate_Wuhan-Hu-1-A-A-A-A-A-B-A    0.00%    failed      1.10%
   4  Severe_acute_respiratory_syndrome_coronavirus_2_isolate_Wuhan-Hu-1-A-A-A-A-A-B-B    0.00%    passed     14.99%
   5  Severe_acute_respiratory_syndrome_coronavirus_2_isolate_Wuhan-Hu-1-A-A-A-A-B-A-A    0.00%    passed     10.48%
   6  Severe_acute_respiratory_syndrome_coronavirus_2_isolate_Wuhan-Hu-1-A-A-A-A-B-A-B    0.00%    passed     11.82%
   7  Severe_acute_respiratory_syndrome_coronavirus_2_isolate_Wuhan-Hu-1-A-A-A-A-B-B-A    0.00%    passed     85.73%
   8  Severe_acute_respiratory_syndrome_coronavirus_2_isolate_Wuhan-Hu-1-A-A-A-A-B-B-B    0.00%    passed     43.00%
   9  Severe_acute_respiratory_syndrome_coronavirus_2_isolate_Wuhan-Hu-1-A-A-A-B-A-A-A    0.00%    passed     72.96%
  10  Severe_acute_respiratory_syndrome_coronavirus_2_isolate_Wuhan-Hu-1-A-A-A-B-A-A-B    0.00%    passed     62.99%
  11  Severe_acute_respiratory_syndrome_coronavirus_2_isolate_Wuhan-Hu-1-A-A-A-B-A-B-A    0.00%    passed     43.25%
  12  Severe_acute_respiratory_syndrome_coronavirus_2_isolate_Wuhan-Hu-1-A-A-A-B-A-B-B    0.00%    passed     16.07%
  13  Severe_acute_respiratory_syndrome_coronavirus_2_isolate_Wuhan-Hu-1-A-A-A-B-B-A-A    0.00%    passed     79.48%
  14  Severe_acute_respiratory_syndrome_coronavirus_2_isolate_Wuhan-Hu-1-A-A-A-B-B-A-B    0.00%    passed     44.09%
  15  Severe_acute_respiratory_syndrome_coronavirus_2_isolate_Wuhan-Hu-1-A-A-A-B-B-B-A    0.00%    passed     43.18%
  16  Severe_acute_respiratory_syndrome_coronavirus_2_isolate_Wuhan-Hu-1-A-A-A-B-B-B-B    0.00%    passed     30.98%
  17  Severe_acute_respiratory_syndrome_coronavirus_2_isolate_Wuhan-Hu-1-A-A-B-A-A-A-A    0.00%    passed     98.79%
  18  Severe_acute_respiratory_syndrome_coronavirus_2_isolate_Wuhan-Hu-1-A-A-B-A-A-A-B    0.00%    passed      7.28%
  19  Severe_acute_respiratory_syndrome_coronavirus_2_isolate_Wuhan-Hu-1-A-A-B-A-A-B-A    0.00%    passed     14.31%
  20  Severe_acute_respiratory_syndrome_coronavirus_2_isolate_Wuhan-Hu-1-A-A-B-A-A-B-B    0.00%    passed     11.55%
  21  Severe_acute_respiratory_syndrome_coronavirus_2_isolate_Wuhan-Hu-1-A-A-B-A-B-A-A    0.00%    passed     12.10%
  22  Severe_acute_respiratory_syndrome_coronavirus_2_isolate_Wuhan-Hu-1-A-A-B-A-B-A-B    0.00%    passed     28.28%
  23  Severe_acute_respiratory_syndrome_coronavirus_2_isolate_Wuhan-Hu-1-A-A-B-A-B-B-A    0.00%    passed     23.54%
  24  Severe_acute_respiratory_syndrome_coronavirus_2_isolate_Wuhan-Hu-1-A-A-B-A-B-B-B    0.00%    passed     90.56%
  25  Severe_acute_respiratory_syndrome_coronavirus_2_isolate_Wuhan-Hu-1-A-A-B-B-A-A-A    0.00%    passed      6.89%
  26  Severe_acute_respiratory_syndrome_coronavirus_2_isolate_Wuhan-Hu-1-A-A-B-B-A-A-B    0.00%    passed     85.95%
  27  Severe_acute_respiratory_syndrome_coronavirus_2_isolate_Wuhan-Hu-1-A-A-B-B-A-B-A    0.00%    failed      0.51%
  28  Severe_acute_respiratory_syndrome_coronavirus_2_isolate_Wuhan-Hu-1-A-A-B-B-A-B-B    0.00%    failed      3.34%
  29  Severe_acute_respiratory_syndrome_coronavirus_2_isolate_Wuhan-Hu-1-A-A-B-B-B-A-A    0.00%    passed     97.54%
  30  Severe_acute_respiratory_syndrome_coronavirus_2_isolate_Wuhan-Hu-1-A-A-B-B-B-A-B    0.00%    passed     61.79%
  31  Severe_acute_respiratory_syndrome_coronavirus_2_isolate_Wuhan-Hu-1-A-A-B-B-B-B-A    0.00%    passed     55.34%
  32  Severe_acute_respiratory_syndrome_coronavirus_2_isolate_Wuhan-Hu-1-A-A-B-B-B-B-B    0.00%    passed      7.19%
  33  Severe_acute_respiratory_syndrome_coronavirus_2_isolate_Wuhan-Hu-1-A-B-A-A-A-A-A    0.00%    passed     25.80%
  34  Severe_acute_respiratory_syndrome_coronavirus_2_isolate_Wuhan-Hu-1-A-B-A-A-A-A-B    0.00%    passed      6.65%
  35  Severe_acute_respiratory_syndrome_coronavirus_2_isolate_Wuhan-Hu-1-A-B-A-A-A-B-A    0.00%    passed     33.27%
  36  Severe_acute_respiratory_syndrome_coronavirus_2_isolate_Wuhan-Hu-1-A-B-A-A-A-B-B    0.00%    passed      9.20%
  37  Severe_acute_respiratory_syndrome_coronavirus_2_isolate_Wuhan-Hu-1-A-B-A-A-B-A-A    0.00%    passed     17.19%
  38  Severe_acute_respiratory_syndrome_coronavirus_2_isolate_Wuhan-Hu-1-A-B-A-A-B-A-B    0.00%    passed     54.82%
  39  Severe_acute_respiratory_syndrome_coronavirus_2_isolate_Wuhan-Hu-1-A-B-A-A-B-B-A    0.00%    passed     36.33%
  40  Severe_acute_respiratory_syndrome_coronavirus_2_isolate_Wuhan-Hu-1-A-B-A-A-B-B-B    0.00%    passed     20.10%
  41  Severe_acute_respiratory_syndrome_coronavirus_2_isolate_Wuhan-Hu-1-A-B-A-B-A-A-A    0.00%    passed     11.11%
  42  Severe_acute_respiratory_syndrome_coronavirus_2_isolate_Wuhan-Hu-1-A-B-A-B-A-A-B    0.00%    failed      0.07%
  43  Severe_acute_respiratory_syndrome_coronavirus_2_isolate_Wuhan-Hu-1-A-B-A-B-A-B-A    0.00%    failed      0.00%
  44  Severe_acute_respiratory_syndrome_coronavirus_2_isolate_Wuhan-Hu-1-A-B-A-B-A-B-B    0.00%    failed      0.00%
  45  Severe_acute_respiratory_syndrome_coronavirus_2_isolate_Wuhan-Hu-1-A-B-A-B-B-A-A    0.00%    passed     30.09%
  46  Severe_acute_respiratory_syndrome_coronavirus_2_isolate_Wuhan-Hu-1-A-B-A-B-B-A-B    0.00%    passed     70.40%
  47  Severe_acute_respiratory_syndrome_coronavirus_2_isolate_Wuhan-Hu-1-A-B-A-B-B-B-A    0.00%    passed     13.49%
  48  Severe_acute_respiratory_syndrome_coronavirus_2_isolate_Wuhan-Hu-1-A-B-A-B-B-B-B    0.00%    passed     89.88%
  49  Severe_acute_respiratory_syndrome_coronavirus_2_isolate_Wuhan-Hu-1-A-B-B-A-A-A-A    0.00%    passed     18.42%
  50  Severe_acute_respiratory_syndrome_coronavirus_2_isolate_Wuhan-Hu-1-A-B-B-A-A-A-B    0.00%    failed      4.70%
  51  Severe_acute_respiratory_syndrome_coronavirus_2_isolate_Wuhan-Hu-1-A-B-B-A-A-B-A    0.00%    passed     40.61%
  52  Severe_acute_respiratory_syndrome_coronavirus_2_isolate_Wuhan-Hu-1-A-B-B-A-A-B-B    0.00%    passed     15.68%
  53  Severe_acute_respiratory_syndrome_coronavirus_2_isolate_Wuhan-Hu-1-A-B-B-A-B-A-A    0.00%    passed     43.60%
  54  Severe_acute_respiratory_syndrome_coronavirus_2_isolate_Wuhan-Hu-1-A-B-B-A-B-A-B    0.00%    passed     25.71%
  55  Severe_acute_respiratory_syndrome_coronavirus_2_isolate_Wuhan-Hu-1-A-B-B-A-B-B-A    0.00%    passed     46.63%
  56  Severe_acute_respiratory_syndrome_coronavirus_2_isolate_Wuhan-Hu-1-A-B-B-A-B-B-B    0.00%    failed      0.53%
  57  Severe_acute_respiratory_syndrome_coronavirus_2_isolate_Wuhan-Hu-1-A-B-B-B-A-A-A    0.00%    passed     44.19%
  58  Severe_acute_respiratory_syndrome_coronavirus_2_isolate_Wuhan-Hu-1-A-B-B-B-A-A-B    0.00%    passed     88.32%
  59  Severe_acute_respiratory_syndrome_coronavirus_2_isolate_Wuhan-Hu-1-A-B-B-B-A-B-A    0.00%    failed      1.73%
  60  Severe_acute_respiratory_syndrome_coronavirus_2_isolate_Wuhan-Hu-1-A-B-B-B-A-B-B    0.00%    failed      3.85%
  61  Severe_acute_respiratory_syndrome_coronavirus_2_isolate_Wuhan-Hu-1-A-B-B-B-B-A-A    0.00%    passed      6.76%
  62  Severe_acute_respiratory_syndrome_coronavirus_2_isolate_Wuhan-Hu-1-A-B-B-B-B-A-B    0.00%    passed      7.88%
  63  Severe_acute_respiratory_syndrome_coronavirus_2_isolate_Wuhan-Hu-1-A-B-B-B-B-B-A    0.00%    passed     95.50%
  64  Severe_acute_respiratory_syndrome_coronavirus_2_isolate_Wuhan-Hu-1-A-B-B-B-B-B-B    0.00%    passed     25.19%
  65  Severe_acute_respiratory_syndrome_coronavirus_2_isolate_Wuhan-Hu-1-B-A-A-A-A-A-A    0.00%    passed     50.68%
  66  Severe_acute_respiratory_syndrome_coronavirus_2_isolate_Wuhan-Hu-1-B-A-A-A-A-A-B    0.00%    passed     67.79%
  67  Severe_acute_respiratory_syndrome_coronavirus_2_isolate_Wuhan-Hu-1-B-A-A-A-A-B-A    0.00%    passed     31.96%
  68  Severe_acute_respiratory_syndrome_coronavirus_2_isolate_Wuhan-Hu-1-B-A-A-A-A-B-B    0.00%    failed      1.10%
  69  Severe_acute_respiratory_syndrome_coronavirus_2_isolate_Wuhan-Hu-1-B-A-A-A-B-A-A    0.00%    passed     73.10%
  70  Severe_acute_respiratory_syndrome_coronavirus_2_isolate_Wuhan-Hu-1-B-A-A-A-B-A-B    0.00%    passed     45.20%
  71  Severe_acute_respiratory_syndrome_coronavirus_2_isolate_Wuhan-Hu-1-B-A-A-A-B-B-A    0.00%    passed     22.33%
  72  Severe_acute_respiratory_syndrome_coronavirus_2_isolate_Wuhan-Hu-1-B-A-A-A-B-B-B    0.00%    passed     63.68%
  73  Severe_acute_respiratory_syndrome_coronavirus_2_isolate_Wuhan-Hu-1-B-A-A-B-A-A-A    0.00%    passed     29.66%
  74  Severe_acute_respiratory_syndrome_coronavirus_2_isolate_Wuhan-Hu-1-B-A-A-B-A-A-B    0.00%    passed     29.22%
  75  Severe_acute_respiratory_syndrome_coronavirus_2_isolate_Wuhan-Hu-1-B-A-A-B-A-B-A    0.00%    passed     40.01%
  76  Severe_acute_respiratory_syndrome_coronavirus_2_isolate_Wuhan-Hu-1-B-A-A-B-A-B-B    0.00%    failed      0.06%
  77  Severe_acute_respiratory_syndrome_coronavirus_2_isolate_Wuhan-Hu-1-B-A-A-B-B-A-A    0.00%    passed     38.68%
  78  Severe_acute_respiratory_syndrome_coronavirus_2_isolate_Wuhan-Hu-1-B-A-A-B-B-A-B    0.00%    passed     40.36%
  79  Severe_acute_respiratory_syndrome_coronavirus_2_isolate_Wuhan-Hu-1-B-A-A-B-B-B-A    0.00%    passed     37.28%
  80  Severe_acute_respiratory_syndrome_coronavirus_2_isolate_Wuhan-Hu-1-B-A-A-B-B-B-B    0.00%    passed     23.77%
  81  Severe_acute_respiratory_syndrome_coronavirus_2_isolate_Wuhan-Hu-1-B-A-B-A-A-A-A    0.00%    passed     64.89%
  82  Severe_acute_respiratory_syndrome_coronavirus_2_isolate_Wuhan-Hu-1-B-A-B-A-A-A-B    0.00%    passed     48.28%
  83  Severe_acute_respiratory_syndrome_coronavirus_2_isolate_Wuhan-Hu-1-B-A-B-A-A-B-A    0.00%    passed      7.13%
  84  Severe_acute_respiratory_syndrome_coronavirus_2_isolate_Wuhan-Hu-1-B-A-B-A-A-B-B    0.00%    failed      0.10%
  85  Severe_acute_respiratory_syndrome_coronavirus_2_isolate_Wuhan-Hu-1-B-A-B-A-B-A-A    0.00%    passed     27.38%
  86  Severe_acute_respiratory_syndrome_coronavirus_2_isolate_Wuhan-Hu-1-B-A-B-A-B-A-B    0.00%    passed     35.64%
  87  Severe_acute_respiratory_syndrome_coronavirus_2_isolate_Wuhan-Hu-1-B-A-B-A-B-B-A    0.00%    passed     17.51%
  88  Severe_acute_respiratory_syndrome_coronavirus_2_isolate_Wuhan-Hu-1-B-A-B-A-B-B-B    0.00%    passed     61.98%
  89  Severe_acute_respiratory_syndrome_coronavirus_2_isolate_Wuhan-Hu-1-B-A-B-B-A-A-A    0.00%    passed      7.69%
  90  Severe_acute_respiratory_syndrome_coronavirus_2_isolate_Wuhan-Hu-1-B-A-B-B-A-A-B    0.00%    passed      5.78%
  91  Severe_acute_respiratory_syndrome_coronavirus_2_isolate_Wuhan-Hu-1-B-A-B-B-A-B-A    0.00%    passed     15.21%
  92  Severe_acute_respiratory_syndrome_coronavirus_2_isolate_Wuhan-Hu-1-B-A-B-B-A-B-B    0.00%    passed     78.02%
  93  Severe_acute_respiratory_syndrome_coronavirus_2_isolate_Wuhan-Hu-1-B-A-B-B-B-A-A    0.00%    passed     95.40%
  94  Severe_acute_respiratory_syndrome_coronavirus_2_isolate_Wuhan-Hu-1-B-A-B-B-B-A-B    0.00%    passed     20.40%
  95  Severe_acute_respiratory_syndrome_coronavirus_2_isolate_Wuhan-Hu-1-B-A-B-B-B-B-A    0.00%    failed      0.14%
  96  Severe_acute_respiratory_syndrome_coronavirus_2_isolate_Wuhan-Hu-1-B-A-B-B-B-B-B    0.00%    passed     40.42%
  97  Severe_acute_respiratory_syndrome_coronavirus_2_isolate_Wuhan-Hu-1-B-B-A-A-A-A-A    0.00%    failed      3.49%
  98  Severe_acute_respiratory_syndrome_coronavirus_2_isolate_Wuhan-Hu-1-B-B-A-A-A-A-B    0.00%    passed     54.35%
  99  Severe_acute_respiratory_syndrome_coronavirus_2_isolate_Wuhan-Hu-1-B-B-A-A-A-B-A    0.00%    passed      8.88%
 100  Severe_acute_respiratory_syndrome_coronavirus_2_isolate_Wuhan-Hu-1-B-B-A-A-A-B-B    0.00%    passed     80.31%
 101  Severe_acute_respiratory_syndrome_coronavirus_2_isolate_Wuhan-Hu-1-B-B-A-A-B-A-A    0.00%    passed      9.07%
 102  Severe_acute_respiratory_syndrome_coronavirus_2_isolate_Wuhan-Hu-1-B-B-A-A-B-A-B    0.00%    passed     33.54%
 103  Severe_acute_respiratory_syndrome_coronavirus_2_isolate_Wuhan-Hu-1-B-B-A-A-B-B-A    0.00%    passed     37.57%
 104  Severe_acute_respiratory_syndrome_coronavirus_2_isolate_Wuhan-Hu-1-B-B-A-A-B-B-B    0.00%    passed     46.97%
 105  Severe_acute_respiratory_syndrome_coronavirus_2_isolate_Wuhan-Hu-1-B-B-A-B-A-A-A    0.00%    passed     95.40%
 106  Severe_acute_respiratory_syndrome_coronavirus_2_isolate_Wuhan-Hu-1-B-B-A-B-A-A-B    0.00%    passed     88.14%
 107  Severe_acute_respiratory_syndrome_coronavirus_2_isolate_Wuhan-Hu-1-B-B-A-B-A-B-A    0.00%    passed     14.81%
 108  Severe_acute_respiratory_syndrome_coronavirus_2_isolate_Wuhan-Hu-1-B-B-A-B-A-B-B    0.00%    passed     16.06%
 109  Severe_acute_respiratory_syndrome_coronavirus_2_isolate_Wuhan-Hu-1-B-B-A-B-B-A-A    0.00%    passed     94.21%
 110  Severe_acute_respiratory_syndrome_coronavirus_2_isolate_Wuhan-Hu-1-B-B-A-B-B-A-B    0.00%    failed      0.06%
 111  Severe_acute_respiratory_syndrome_coronavirus_2_isolate_Wuhan-Hu-1-B-B-A-B-B-B-A    0.00%    passed     16.98%
 112  Severe_acute_respiratory_syndrome_coronavirus_2_isolate_Wuhan-Hu-1-B-B-A-B-B-B-B    0.00%    failed      4.42%
 113  Severe_acute_respiratory_syndrome_coronavirus_2_isolate_Wuhan-Hu-1-B-B-B-A-A-A-A    0.00%    passed     35.85%
 114  Severe_acute_respiratory_syndrome_coronavirus_2_isolate_Wuhan-Hu-1-B-B-B-A-A-A-B    0.00%    passed     41.75%
 115  Severe_acute_respiratory_syndrome_coronavirus_2_isolate_Wuhan-Hu-1-B-B-B-A-A-B-A    0.00%    passed     83.53%
 116  Severe_acute_respiratory_syndrome_coronavirus_2_isolate_Wuhan-Hu-1-B-B-B-A-A-B-B    0.00%    passed     33.34%
 117  Severe_acute_respiratory_syndrome_coronavirus_2_isolate_Wuhan-Hu-1-B-B-B-A-B-A-A    0.00%    passed      5.09%
 118  Severe_acute_respiratory_syndrome_coronavirus_2_isolate_Wuhan-Hu-1-B-B-B-A-B-A-B    0.00%    passed     23.23%
 119  Severe_acute_respiratory_syndrome_coronavirus_2_isolate_Wuhan-Hu-1-B-B-B-A-B-B-A    0.00%    passed      7.21%
 120  Severe_acute_respiratory_syndrome_coronavirus_2_isolate_Wuhan-Hu-1-B-B-B-A-B-B-B    0.00%    passed     48.84%
 121  Severe_acute_respiratory_syndrome_coronavirus_2_isolate_Wuhan-Hu-1-B-B-B-B-A-A-A    0.00%    passed     20.62%
 122  Severe_acute_respiratory_syndrome_coronavirus_2_isolate_Wuhan-Hu-1-B-B-B-B-A-A-B    0.00%    passed     39.67%
 123  Severe_acute_respiratory_syndrome_coronavirus_2_isolate_Wuhan-Hu-1-B-B-B-B-A-B-A    0.00%    passed      9.38%
 124  Severe_acute_respiratory_syndrome_coronavirus_2_isolate_Wuhan-Hu-1-B-B-B-B-A-B-B    0.00%    passed     64.55%
 125  Severe_acute_respiratory_syndrome_coronavirus_2_isolate_Wuhan-Hu-1-B-B-B-B-B-A-A    0.00%    passed     91.51%
 126  Severe_acute_respiratory_syndrome_coronavirus_2_isolate_Wuhan-Hu-1-B-B-B-B-B-A-B    0.00%    failed      1.29%
 127  Severe_acute_respiratory_syndrome_coronavirus_2_isolate_Wuhan-Hu-1-B-B-B-B-B-B-A    0.00%    failed      3.14%
 128  Severe_acute_respiratory_syndrome_coronavirus_2_isolate_Wuhan-Hu-1-B-B-B-B-B-B-B    0.00%    passed     12.04%
****  TOTAL                                                                               0.00%  19 sequences failed composition chi2 test (p-value<5%; df=3)
Reading input tree file Severe_acute_respiratory_syndrome_coronavirus_2_isolate_Wuhan-Hu-1.newick ... rooted tree

NOTE: 124 MB RAM (0 GB) is required!
Estimate model parameters (epsilon = 0.010)
1. Initial log-likelihood: -4951933.215
Optimal log-likelihood: -4746958.507
Rate parameters:  A-C: 1.00000  A-G: 1.00000  A-T: 1.00000  C-G: 1.00000  C-T: 1.00000  G-T: 1.00000
Base frequencies:  A: 0.250  C: 0.250  G: 0.250  T: 0.250
Parameters optimization took 1 rounds (1.787 sec)
Wrote distance file to... 
BEST SCORE FOUND : -4746958.507
Total tree length: 86.457

Total number of iterations: 0
CPU time used for tree search: 0.000 sec (0h:0m:0s)
Wall-clock time used for tree search: 0.000 sec (0h:0m:0s)
Total CPU time used: 1.859 sec (0h:0m:1s)
Total wall-clock time used: 1.893 sec (0h:0m:1s)

Analysis results written to: 
  IQ-TREE report:                Severe_acute_respiratory_syndrome_coronavirus_2_isolate_Wuhan-Hu-1.fasta.iqtree
  Maximum-likelihood tree:       Severe_acute_respiratory_syndrome_coronavirus_2_isolate_Wuhan-Hu-1.fasta.treefile
  Screen log file:               Severe_acute_respiratory_syndrome_coronavirus_2_isolate_Wuhan-Hu-1.fasta.log

Date and Time: Tue Mar 03 17:47:12 2026
